#-----------------------------------------------------------
# Vivado v2018.2 (64-bit)
# SW Build 2258646 on Thu Jun 14 20:03:12 MDT 2018
# IP Build 2256618 on Thu Jun 14 22:10:49 MDT 2018
# Start of session at: Fri Oct 12 12:08:32 2018
# Process ID: 2084
# Current directory: C:/Users/EnglishOnly/Desktop/Vivado/lab1/lab1_4_2
# Command line: vivado.exe -gui_launcher_event rodinguilauncherevent17228 C:\Users\EnglishOnly\Desktop\Vivado\lab1\lab1_4_2\lab1_4_2.xpr
# Log file: C:/Users/EnglishOnly/Desktop/Vivado/lab1/lab1_4_2/vivado.log
# Journal file: C:/Users/EnglishOnly/Desktop/Vivado/lab1/lab1_4_2\vivado.jou
#-----------------------------------------------------------
start_gui
open_project C:/Users/EnglishOnly/Desktop/Vivado/lab1/lab1_4_2/lab1_4_2.xpr
Scanning sources...
Finished scanning sources
INFO: [IP_Flow 19-234] Refreshing IP repositories
INFO: [IP_Flow 19-1704] No user IP repositories specified
INFO: [IP_Flow 19-2313] Loaded Vivado IP repository 'D:/Applications/Xilinx/Vivado/2018.2/data/ip'.
open_project: Time (s): cpu = 00:00:15 ; elapsed = 00:00:09 . Memory (MB): peak = 846.117 ; gain = 106.020
update_compile_order -fileset sources_1
synth_design -rtl -name rtl_1
Command: synth_design -rtl -name rtl_1
Starting synth_design
Using part: xc7a100tcsg324-1
Top: bcdto7segment_dataflow
---------------------------------------------------------------------------------
Starting RTL Elaboration : Time (s): cpu = 00:00:04 ; elapsed = 00:00:03 . Memory (MB): peak = 968.488 ; gain = 105.102
---------------------------------------------------------------------------------
INFO: [Synth 8-6157] synthesizing module 'bcdto7segment_dataflow' [C:/Users/EnglishOnly/Desktop/Vivado/lab1/lab1_4_2/lab1_4_2.srcs/sources_1/new/bcdto7segment_dataflow.v:23]
INFO: [Synth 8-6155] done synthesizing module 'bcdto7segment_dataflow' (1#1) [C:/Users/EnglishOnly/Desktop/Vivado/lab1/lab1_4_2/lab1_4_2.srcs/sources_1/new/bcdto7segment_dataflow.v:23]
WARNING: [Synth 8-3917] design bcdto7segment_dataflow has port an[7] driven by constant 0
WARNING: [Synth 8-3917] design bcdto7segment_dataflow has port an[6] driven by constant 0
WARNING: [Synth 8-3917] design bcdto7segment_dataflow has port an[5] driven by constant 0
WARNING: [Synth 8-3917] design bcdto7segment_dataflow has port an[4] driven by constant 0
WARNING: [Synth 8-3917] design bcdto7segment_dataflow has port an[3] driven by constant 0
WARNING: [Synth 8-3917] design bcdto7segment_dataflow has port an[2] driven by constant 0
WARNING: [Synth 8-3917] design bcdto7segment_dataflow has port an[1] driven by constant 0
WARNING: [Synth 8-3917] design bcdto7segment_dataflow has port an[0] driven by constant 1
---------------------------------------------------------------------------------
Finished RTL Elaboration : Time (s): cpu = 00:00:04 ; elapsed = 00:00:04 . Memory (MB): peak = 1011.871 ; gain = 148.484
---------------------------------------------------------------------------------

Report Check Netlist: 
+------+------------------+-------+---------+-------+------------------+
|      |Item              |Errors |Warnings |Status |Description       |
+------+------------------+-------+---------+-------+------------------+
|1     |multi_driven_nets |      0|        0|Passed |Multi driven nets |
+------+------------------+-------+---------+-------+------------------+
---------------------------------------------------------------------------------
Start Handling Custom Attributes
---------------------------------------------------------------------------------
---------------------------------------------------------------------------------
Finished Handling Custom Attributes : Time (s): cpu = 00:00:04 ; elapsed = 00:00:04 . Memory (MB): peak = 1011.871 ; gain = 148.484
---------------------------------------------------------------------------------
---------------------------------------------------------------------------------
Finished RTL Optimization Phase 1 : Time (s): cpu = 00:00:04 ; elapsed = 00:00:04 . Memory (MB): peak = 1011.871 ; gain = 148.484
---------------------------------------------------------------------------------
INFO: [Device 21-403] Loading part xc7a100tcsg324-1
INFO: [Project 1-570] Preparing netlist for logic optimization
INFO: [Opt 31-141] Inserted 8 OBUFs to IO ports without IO buffers.

Processing XDC Constraints
Initializing timing engine
Parsing XDC File [C:/Users/EnglishOnly/Desktop/Vivado/lab1/lab1_4_2/lab1_4_2.srcs/constrs_1/imports/lab1_4_2/Nexys4DDR_Master.xdc]
Finished Parsing XDC File [C:/Users/EnglishOnly/Desktop/Vivado/lab1/lab1_4_2/lab1_4_2.srcs/constrs_1/imports/lab1_4_2/Nexys4DDR_Master.xdc]
Completed Processing XDC Constraints

INFO: [Opt 31-138] Pushed 0 inverter(s) to 0 load pin(s).
INFO: [Project 1-111] Unisim Transformation Summary:
No Unisim elements were transformed.

RTL Elaboration Complete:  : Time (s): cpu = 00:00:22 ; elapsed = 00:00:16 . Memory (MB): peak = 1349.852 ; gain = 486.465
7 Infos, 8 Warnings, 0 Critical Warnings and 0 Errors encountered.
synth_design completed successfully
synth_design: Time (s): cpu = 00:00:22 ; elapsed = 00:00:16 . Memory (MB): peak = 1349.852 ; gain = 486.465
close_design
synth_design -rtl -name rtl_1
Command: synth_design -rtl -name rtl_1
Starting synth_design
Using part: xc7a100tcsg324-1
Top: bcdto7segment_dataflow
---------------------------------------------------------------------------------
Starting RTL Elaboration : Time (s): cpu = 00:00:03 ; elapsed = 00:00:02 . Memory (MB): peak = 1363.852 ; gain = 0.000
---------------------------------------------------------------------------------
INFO: [Synth 8-6157] synthesizing module 'bcdto7segment_dataflow' [C:/Users/EnglishOnly/Desktop/Vivado/lab1/lab1_4_2/lab1_4_2.srcs/sources_1/new/bcdto7segment_dataflow.v:23]
INFO: [Synth 8-6155] done synthesizing module 'bcdto7segment_dataflow' (1#1) [C:/Users/EnglishOnly/Desktop/Vivado/lab1/lab1_4_2/lab1_4_2.srcs/sources_1/new/bcdto7segment_dataflow.v:23]
WARNING: [Synth 8-3917] design bcdto7segment_dataflow has port an[7] driven by constant 0
WARNING: [Synth 8-3917] design bcdto7segment_dataflow has port an[6] driven by constant 0
WARNING: [Synth 8-3917] design bcdto7segment_dataflow has port an[5] driven by constant 0
WARNING: [Synth 8-3917] design bcdto7segment_dataflow has port an[4] driven by constant 0
WARNING: [Synth 8-3917] design bcdto7segment_dataflow has port an[3] driven by constant 0
WARNING: [Synth 8-3917] design bcdto7segment_dataflow has port an[2] driven by constant 0
WARNING: [Synth 8-3917] design bcdto7segment_dataflow has port an[1] driven by constant 0
WARNING: [Synth 8-3917] design bcdto7segment_dataflow has port an[0] driven by constant 1
---------------------------------------------------------------------------------
Finished RTL Elaboration : Time (s): cpu = 00:00:03 ; elapsed = 00:00:03 . Memory (MB): peak = 1363.852 ; gain = 0.000
---------------------------------------------------------------------------------

Report Check Netlist: 
+------+------------------+-------+---------+-------+------------------+
|      |Item              |Errors |Warnings |Status |Description       |
+------+------------------+-------+---------+-------+------------------+
|1     |multi_driven_nets |      0|        0|Passed |Multi driven nets |
+------+------------------+-------+---------+-------+------------------+
---------------------------------------------------------------------------------
Start Handling Custom Attributes
---------------------------------------------------------------------------------
---------------------------------------------------------------------------------
Finished Handling Custom Attributes : Time (s): cpu = 00:00:03 ; elapsed = 00:00:03 . Memory (MB): peak = 1363.852 ; gain = 0.000
---------------------------------------------------------------------------------
---------------------------------------------------------------------------------
Finished RTL Optimization Phase 1 : Time (s): cpu = 00:00:03 ; elapsed = 00:00:03 . Memory (MB): peak = 1363.852 ; gain = 0.000
---------------------------------------------------------------------------------
INFO: [Project 1-570] Preparing netlist for logic optimization
INFO: [Opt 31-141] Inserted 8 OBUFs to IO ports without IO buffers.

Processing XDC Constraints
Initializing timing engine
Parsing XDC File [C:/Users/EnglishOnly/Desktop/Vivado/lab1/lab1_4_2/lab1_4_2.srcs/constrs_1/imports/lab1_4_2/Nexys4DDR_Master.xdc]
Finished Parsing XDC File [C:/Users/EnglishOnly/Desktop/Vivado/lab1/lab1_4_2/lab1_4_2.srcs/constrs_1/imports/lab1_4_2/Nexys4DDR_Master.xdc]
Completed Processing XDC Constraints

INFO: [Opt 31-138] Pushed 0 inverter(s) to 0 load pin(s).
INFO: [Project 1-111] Unisim Transformation Summary:
No Unisim elements were transformed.

RTL Elaboration Complete:  : Time (s): cpu = 00:00:09 ; elapsed = 00:00:06 . Memory (MB): peak = 1388.766 ; gain = 24.914
6 Infos, 8 Warnings, 0 Critical Warnings and 0 Errors encountered.
synth_design completed successfully
synth_design: Time (s): cpu = 00:00:09 ; elapsed = 00:00:06 . Memory (MB): peak = 1388.766 ; gain = 24.914
reset_run synth_1
launch_runs synth_1 -jobs 2
[Fri Oct 12 12:26:57 2018] Launched synth_1...
Run output will be captured here: C:/Users/EnglishOnly/Desktop/Vivado/lab1/lab1_4_2/lab1_4_2.runs/synth_1/runme.log
launch_runs impl_1 -jobs 2
[Fri Oct 12 12:27:42 2018] Launched impl_1...
Run output will be captured here: C:/Users/EnglishOnly/Desktop/Vivado/lab1/lab1_4_2/lab1_4_2.runs/impl_1/runme.log
launch_runs impl_1 -to_step write_bitstream -jobs 2
[Fri Oct 12 12:29:32 2018] Launched impl_1...
Run output will be captured here: C:/Users/EnglishOnly/Desktop/Vivado/lab1/lab1_4_2/lab1_4_2.runs/impl_1/runme.log
open_hw
connect_hw_server
INFO: [Labtools 27-2285] Connecting to hw_server url TCP:localhost:3121
INFO: [Labtools 27-2222] Launching hw_server...
INFO: [Labtools 27-2221] Launch Output:

****** Xilinx hw_server v2018.2
  **** Build date : Jun 14 2018-20:42:52
    ** Copyright 1986-2018 Xilinx, Inc. All Rights Reserved.


open_hw_target
INFO: [Labtoolstcl 44-466] Opening hw_target localhost:3121/xilinx_tcf/Digilent/210292A8B535A
set_property PROGRAM.FILE {C:/Users/EnglishOnly/Desktop/Vivado/lab1/lab1_4_2/lab1_4_2.runs/impl_1/bcdto7segment_dataflow.bit} [get_hw_devices xc7a100t_0]
current_hw_device [get_hw_devices xc7a100t_0]
refresh_hw_device -update_hw_probes false [lindex [get_hw_devices xc7a100t_0] 0]
INFO: [Labtools 27-1434] Device xc7a100t (JTAG device index = 0) is programmed with a design that has no supported debug core(s) in it.
WARNING: [Labtools 27-3361] The debug hub core was not detected.
Resolution: 
1. Make sure the clock connected to the debug hub (dbg_hub) core is a free running clock and is active.
2. Make sure the BSCAN_SWITCH_USER_MASK device property in Vivado Hardware Manager reflects the user scan chain setting in the design and refresh the device.  To determine the user scan chain setting in the design, open the implemented design and use 'get_property C_USER_SCAN_CHAIN [get_debug_cores dbg_hub]'.
For more details on setting the scan chain property, consult the Vivado Debug and Programming User Guide (UG908).
set_property PROBES.FILE {} [get_hw_devices xc7a100t_0]
set_property FULL_PROBES.FILE {} [get_hw_devices xc7a100t_0]
set_property PROGRAM.FILE {C:/Users/EnglishOnly/Desktop/Vivado/lab1/lab1_4_2/lab1_4_2.runs/impl_1/bcdto7segment_dataflow.bit} [get_hw_devices xc7a100t_0]
program_hw_devices [get_hw_devices xc7a100t_0]
INFO: [Labtools 27-3164] End of startup status: HIGH
refresh_hw_device [lindex [get_hw_devices xc7a100t_0] 0]
INFO: [Labtools 27-1434] Device xc7a100t (JTAG device index = 0) is programmed with a design that has no supported debug core(s) in it.
WARNING: [Labtools 27-3361] The debug hub core was not detected.
Resolution: 
1. Make sure the clock connected to the debug hub (dbg_hub) core is a free running clock and is active.
2. Make sure the BSCAN_SWITCH_USER_MASK device property in Vivado Hardware Manager reflects the user scan chain setting in the design and refresh the device.  To determine the user scan chain setting in the design, open the implemented design and use 'get_property C_USER_SCAN_CHAIN [get_debug_cores dbg_hub]'.
For more details on setting the scan chain property, consult the Vivado Debug and Programming User Guide (UG908).
close_hw
reset_run synth_1
launch_runs synth_1 -jobs 2
[Fri Oct 12 12:40:58 2018] Launched synth_1...
Run output will be captured here: C:/Users/EnglishOnly/Desktop/Vivado/lab1/lab1_4_2/lab1_4_2.runs/synth_1/runme.log
launch_runs impl_1 -jobs 2
[Fri Oct 12 12:42:05 2018] Launched impl_1...
Run output will be captured here: C:/Users/EnglishOnly/Desktop/Vivado/lab1/lab1_4_2/lab1_4_2.runs/impl_1/runme.log
launch_runs impl_1 -to_step write_bitstream -jobs 2
[Fri Oct 12 12:43:54 2018] Launched impl_1...
Run output will be captured here: C:/Users/EnglishOnly/Desktop/Vivado/lab1/lab1_4_2/lab1_4_2.runs/impl_1/runme.log
open_hw
connect_hw_server
INFO: [Labtools 27-2285] Connecting to hw_server url TCP:localhost:3121
INFO: [Labtools 27-2222] Launching hw_server...
INFO: [Labtools 27-2221] Launch Output:

****** Xilinx hw_server v2018.2
  **** Build date : Jun 14 2018-20:42:52
    ** Copyright 1986-2018 Xilinx, Inc. All Rights Reserved.


open_hw_target
INFO: [Labtoolstcl 44-466] Opening hw_target localhost:3121/xilinx_tcf/Digilent/210292A8B535A
set_property PROGRAM.FILE {C:/Users/EnglishOnly/Desktop/Vivado/lab1/lab1_4_2/lab1_4_2.runs/impl_1/bcdto7segment_dataflow.bit} [get_hw_devices xc7a100t_0]
current_hw_device [get_hw_devices xc7a100t_0]
refresh_hw_device -update_hw_probes false [lindex [get_hw_devices xc7a100t_0] 0]
INFO: [Labtools 27-1434] Device xc7a100t (JTAG device index = 0) is programmed with a design that has no supported debug core(s) in it.
WARNING: [Labtools 27-3361] The debug hub core was not detected.
Resolution: 
1. Make sure the clock connected to the debug hub (dbg_hub) core is a free running clock and is active.
2. Make sure the BSCAN_SWITCH_USER_MASK device property in Vivado Hardware Manager reflects the user scan chain setting in the design and refresh the device.  To determine the user scan chain setting in the design, open the implemented design and use 'get_property C_USER_SCAN_CHAIN [get_debug_cores dbg_hub]'.
For more details on setting the scan chain property, consult the Vivado Debug and Programming User Guide (UG908).
set_property PROBES.FILE {} [get_hw_devices xc7a100t_0]
set_property FULL_PROBES.FILE {} [get_hw_devices xc7a100t_0]
set_property PROGRAM.FILE {C:/Users/EnglishOnly/Desktop/Vivado/lab1/lab1_4_2/lab1_4_2.runs/impl_1/bcdto7segment_dataflow.bit} [get_hw_devices xc7a100t_0]
program_hw_devices [get_hw_devices xc7a100t_0]
INFO: [Labtools 27-3164] End of startup status: HIGH
refresh_hw_device [lindex [get_hw_devices xc7a100t_0] 0]
INFO: [Labtools 27-1434] Device xc7a100t (JTAG device index = 0) is programmed with a design that has no supported debug core(s) in it.
WARNING: [Labtools 27-3361] The debug hub core was not detected.
Resolution: 
1. Make sure the clock connected to the debug hub (dbg_hub) core is a free running clock and is active.
2. Make sure the BSCAN_SWITCH_USER_MASK device property in Vivado Hardware Manager reflects the user scan chain setting in the design and refresh the device.  To determine the user scan chain setting in the design, open the implemented design and use 'get_property C_USER_SCAN_CHAIN [get_debug_cores dbg_hub]'.
For more details on setting the scan chain property, consult the Vivado Debug and Programming User Guide (UG908).
close_hw
reset_run synth_1
launch_runs synth_1 -jobs 2
[Fri Oct 12 12:52:40 2018] Launched synth_1...
Run output will be captured here: C:/Users/EnglishOnly/Desktop/Vivado/lab1/lab1_4_2/lab1_4_2.runs/synth_1/runme.log
launch_runs impl_1 -jobs 2
[Fri Oct 12 12:53:18 2018] Launched impl_1...
Run output will be captured here: C:/Users/EnglishOnly/Desktop/Vivado/lab1/lab1_4_2/lab1_4_2.runs/impl_1/runme.log
launch_runs impl_1 -to_step write_bitstream -jobs 2
[Fri Oct 12 12:54:53 2018] Launched impl_1...
Run output will be captured here: C:/Users/EnglishOnly/Desktop/Vivado/lab1/lab1_4_2/lab1_4_2.runs/impl_1/runme.log
open_hw
connect_hw_server
INFO: [Labtools 27-2285] Connecting to hw_server url TCP:localhost:3121
INFO: [Labtools 27-2222] Launching hw_server...
INFO: [Labtools 27-2221] Launch Output:

****** Xilinx hw_server v2018.2
  **** Build date : Jun 14 2018-20:42:52
    ** Copyright 1986-2018 Xilinx, Inc. All Rights Reserved.


open_hw_target
INFO: [Labtoolstcl 44-466] Opening hw_target localhost:3121/xilinx_tcf/Digilent/210292A8B535A
set_property PROGRAM.FILE {C:/Users/EnglishOnly/Desktop/Vivado/lab1/lab1_4_2/lab1_4_2.runs/impl_1/bcdto7segment_dataflow.bit} [get_hw_devices xc7a100t_0]
current_hw_device [get_hw_devices xc7a100t_0]
refresh_hw_device -update_hw_probes false [lindex [get_hw_devices xc7a100t_0] 0]
INFO: [Labtools 27-1434] Device xc7a100t (JTAG device index = 0) is programmed with a design that has no supported debug core(s) in it.
WARNING: [Labtools 27-3361] The debug hub core was not detected.
Resolution: 
1. Make sure the clock connected to the debug hub (dbg_hub) core is a free running clock and is active.
2. Make sure the BSCAN_SWITCH_USER_MASK device property in Vivado Hardware Manager reflects the user scan chain setting in the design and refresh the device.  To determine the user scan chain setting in the design, open the implemented design and use 'get_property C_USER_SCAN_CHAIN [get_debug_cores dbg_hub]'.
For more details on setting the scan chain property, consult the Vivado Debug and Programming User Guide (UG908).
set_property PROBES.FILE {} [get_hw_devices xc7a100t_0]
set_property FULL_PROBES.FILE {} [get_hw_devices xc7a100t_0]
set_property PROGRAM.FILE {C:/Users/EnglishOnly/Desktop/Vivado/lab1/lab1_4_2/lab1_4_2.runs/impl_1/bcdto7segment_dataflow.bit} [get_hw_devices xc7a100t_0]
program_hw_devices [get_hw_devices xc7a100t_0]
INFO: [Labtools 27-3164] End of startup status: HIGH
refresh_hw_device [lindex [get_hw_devices xc7a100t_0] 0]
INFO: [Labtools 27-1434] Device xc7a100t (JTAG device index = 0) is programmed with a design that has no supported debug core(s) in it.
WARNING: [Labtools 27-3361] The debug hub core was not detected.
Resolution: 
1. Make sure the clock connected to the debug hub (dbg_hub) core is a free running clock and is active.
2. Make sure the BSCAN_SWITCH_USER_MASK device property in Vivado Hardware Manager reflects the user scan chain setting in the design and refresh the device.  To determine the user scan chain setting in the design, open the implemented design and use 'get_property C_USER_SCAN_CHAIN [get_debug_cores dbg_hub]'.
For more details on setting the scan chain property, consult the Vivado Debug and Programming User Guide (UG908).
close_hw
reset_run synth_1
launch_runs synth_1 -jobs 2
[Fri Oct 12 12:58:43 2018] Launched synth_1...
Run output will be captured here: C:/Users/EnglishOnly/Desktop/Vivado/lab1/lab1_4_2/lab1_4_2.runs/synth_1/runme.log
launch_runs impl_1 -jobs 2
[Fri Oct 12 12:59:49 2018] Launched impl_1...
Run output will be captured here: C:/Users/EnglishOnly/Desktop/Vivado/lab1/lab1_4_2/lab1_4_2.runs/impl_1/runme.log
launch_runs impl_1 -to_step write_bitstream -jobs 2
[Fri Oct 12 13:01:27 2018] Launched impl_1...
Run output will be captured here: C:/Users/EnglishOnly/Desktop/Vivado/lab1/lab1_4_2/lab1_4_2.runs/impl_1/runme.log
open_hw
connect_hw_server
INFO: [Labtools 27-2285] Connecting to hw_server url TCP:localhost:3121
INFO: [Labtools 27-2222] Launching hw_server...
INFO: [Labtools 27-2221] Launch Output:

****** Xilinx hw_server v2018.2
  **** Build date : Jun 14 2018-20:42:52
    ** Copyright 1986-2018 Xilinx, Inc. All Rights Reserved.


open_hw_target
INFO: [Labtoolstcl 44-466] Opening hw_target localhost:3121/xilinx_tcf/Digilent/210292A8B535A
set_property PROGRAM.FILE {C:/Users/EnglishOnly/Desktop/Vivado/lab1/lab1_4_2/lab1_4_2.runs/impl_1/bcdto7segment_dataflow.bit} [get_hw_devices xc7a100t_0]
current_hw_device [get_hw_devices xc7a100t_0]
refresh_hw_device -update_hw_probes false [lindex [get_hw_devices xc7a100t_0] 0]
INFO: [Labtools 27-1434] Device xc7a100t (JTAG device index = 0) is programmed with a design that has no supported debug core(s) in it.
WARNING: [Labtools 27-3361] The debug hub core was not detected.
Resolution: 
1. Make sure the clock connected to the debug hub (dbg_hub) core is a free running clock and is active.
2. Make sure the BSCAN_SWITCH_USER_MASK device property in Vivado Hardware Manager reflects the user scan chain setting in the design and refresh the device.  To determine the user scan chain setting in the design, open the implemented design and use 'get_property C_USER_SCAN_CHAIN [get_debug_cores dbg_hub]'.
For more details on setting the scan chain property, consult the Vivado Debug and Programming User Guide (UG908).
set_property PROBES.FILE {} [get_hw_devices xc7a100t_0]
set_property FULL_PROBES.FILE {} [get_hw_devices xc7a100t_0]
set_property PROGRAM.FILE {C:/Users/EnglishOnly/Desktop/Vivado/lab1/lab1_4_2/lab1_4_2.runs/impl_1/bcdto7segment_dataflow.bit} [get_hw_devices xc7a100t_0]
program_hw_devices [get_hw_devices xc7a100t_0]
INFO: [Labtools 27-3164] End of startup status: HIGH
refresh_hw_device [lindex [get_hw_devices xc7a100t_0] 0]
INFO: [Labtools 27-1434] Device xc7a100t (JTAG device index = 0) is programmed with a design that has no supported debug core(s) in it.
WARNING: [Labtools 27-3361] The debug hub core was not detected.
Resolution: 
1. Make sure the clock connected to the debug hub (dbg_hub) core is a free running clock and is active.
2. Make sure the BSCAN_SWITCH_USER_MASK device property in Vivado Hardware Manager reflects the user scan chain setting in the design and refresh the device.  To determine the user scan chain setting in the design, open the implemented design and use 'get_property C_USER_SCAN_CHAIN [get_debug_cores dbg_hub]'.
For more details on setting the scan chain property, consult the Vivado Debug and Programming User Guide (UG908).
close_hw
