
*** Running vivado
    with args -log up_down_Counter.vds -m64 -product Vivado -mode batch -messageDb vivado.pb -notrace -source up_down_Counter.tcl


****** Vivado v2018.2 (64-bit)
  **** SW Build 2258646 on Thu Jun 14 20:03:12 MDT 2018
  **** IP Build 2256618 on Thu Jun 14 22:10:49 MDT 2018
    ** Copyright 1986-2018 Xilinx, Inc. All Rights Reserved.

source up_down_Counter.tcl -notrace
Command: synth_design -top up_down_Counter -part xc7a100tcsg324-1
Starting synth_design
Attempting to get a license for feature 'Synthesis' and/or device 'xc7a100t'
INFO: [Common 17-349] Got license for feature 'Synthesis' and/or device 'xc7a100t'
INFO: Launching helper process for spawning children vivado processes
INFO: Helper process launched with PID 26504 
---------------------------------------------------------------------------------
Starting RTL Elaboration : Time (s): cpu = 00:00:02 ; elapsed = 00:00:03 . Memory (MB): peak = 411.059 ; gain = 97.152
---------------------------------------------------------------------------------
INFO: [Synth 8-6157] synthesizing module 'up_down_Counter' [C:/Users/EnglishOnly/Desktop/Vivado/lab9/lab9_2_2/lab9_2_2.srcs/sources_1/imports/sources_1/new/up_down_Counter.v:23]
WARNING: [Synth 8-5974] attribute "use_dsp48" has been deprecated, please use "use_dsp" instead 
	Parameter COUNT_SIZE bound to: 8 - type: integer 
INFO: [Synth 8-6157] synthesizing module 'clk_wiz_0' [C:/Users/EnglishOnly/Desktop/Vivado/lab9/lab9_2_2/lab9_2_2.runs/synth_1/.Xil/Vivado-17052-YC/realtime/clk_wiz_0_stub.v:5]
INFO: [Synth 8-6155] done synthesizing module 'clk_wiz_0' (1#1) [C:/Users/EnglishOnly/Desktop/Vivado/lab9/lab9_2_2/lab9_2_2.runs/synth_1/.Xil/Vivado-17052-YC/realtime/clk_wiz_0_stub.v:5]
INFO: [Synth 8-6157] synthesizing module 'Counter' [C:/Users/EnglishOnly/Desktop/Vivado/lab9/lab9_2_2/lab9_2_2.srcs/sources_1/imports/sources_1/imports/new/Counter.v:23]
WARNING: [Synth 8-5974] attribute "use_dsp48" has been deprecated, please use "use_dsp" instead 
INFO: [Synth 8-6155] done synthesizing module 'Counter' (2#1) [C:/Users/EnglishOnly/Desktop/Vivado/lab9/lab9_2_2/lab9_2_2.srcs/sources_1/imports/sources_1/imports/new/Counter.v:23]
INFO: [Synth 8-6155] done synthesizing module 'up_down_Counter' (3#1) [C:/Users/EnglishOnly/Desktop/Vivado/lab9/lab9_2_2/lab9_2_2.srcs/sources_1/imports/sources_1/new/up_down_Counter.v:23]
---------------------------------------------------------------------------------
Finished RTL Elaboration : Time (s): cpu = 00:00:03 ; elapsed = 00:00:04 . Memory (MB): peak = 466.434 ; gain = 152.527
---------------------------------------------------------------------------------

Report Check Netlist: 
+------+------------------+-------+---------+-------+------------------+
|      |Item              |Errors |Warnings |Status |Description       |
+------+------------------+-------+---------+-------+------------------+
|1     |multi_driven_nets |      0|        0|Passed |Multi driven nets |
+------+------------------+-------+---------+-------+------------------+
---------------------------------------------------------------------------------
Start Handling Custom Attributes
---------------------------------------------------------------------------------
---------------------------------------------------------------------------------
Finished Handling Custom Attributes : Time (s): cpu = 00:00:03 ; elapsed = 00:00:04 . Memory (MB): peak = 466.434 ; gain = 152.527
---------------------------------------------------------------------------------
---------------------------------------------------------------------------------
Finished RTL Optimization Phase 1 : Time (s): cpu = 00:00:03 ; elapsed = 00:00:04 . Memory (MB): peak = 466.434 ; gain = 152.527
---------------------------------------------------------------------------------
INFO: [Device 21-403] Loading part xc7a100tcsg324-1
INFO: [Project 1-570] Preparing netlist for logic optimization

Processing XDC Constraints
Initializing timing engine
Parsing XDC File [c:/Users/EnglishOnly/Desktop/Vivado/lab9/lab9_2_2/lab9_2_2.srcs/sources_1/ip/clk_wiz_0/clk_wiz_0/clk_wiz_0_in_context.xdc] for cell 'CLOCK5M'
Finished Parsing XDC File [c:/Users/EnglishOnly/Desktop/Vivado/lab9/lab9_2_2/lab9_2_2.srcs/sources_1/ip/clk_wiz_0/clk_wiz_0/clk_wiz_0_in_context.xdc] for cell 'CLOCK5M'
Parsing XDC File [C:/Users/EnglishOnly/Desktop/Vivado/lab9/lab9_2_2/lab9_2_2.srcs/constrs_1/imports/lab9/Nexys4DDR_Master.xdc]
Finished Parsing XDC File [C:/Users/EnglishOnly/Desktop/Vivado/lab9/lab9_2_2/lab9_2_2.srcs/constrs_1/imports/lab9/Nexys4DDR_Master.xdc]
INFO: [Project 1-236] Implementation specific constraints were found while reading constraint file [C:/Users/EnglishOnly/Desktop/Vivado/lab9/lab9_2_2/lab9_2_2.srcs/constrs_1/imports/lab9/Nexys4DDR_Master.xdc]. These constraints will be ignored for synthesis but will be used in implementation. Impacted constraints are listed in the file [.Xil/up_down_Counter_propImpl.xdc].
Resolution: To avoid this warning, move constraints listed in [.Xil/up_down_Counter_propImpl.xdc] to another XDC file and exclude this new file from synthesis with the used_in_synthesis property (File Properties dialog in GUI) and re-run elaboration/synthesis.
Completed Processing XDC Constraints

INFO: [Project 1-111] Unisim Transformation Summary:
No Unisim elements were transformed.

Constraint Validation Runtime : Time (s): cpu = 00:00:00 ; elapsed = 00:00:00.005 . Memory (MB): peak = 799.453 ; gain = 0.000
---------------------------------------------------------------------------------
Finished Constraint Validation : Time (s): cpu = 00:00:13 ; elapsed = 00:00:16 . Memory (MB): peak = 799.453 ; gain = 485.547
---------------------------------------------------------------------------------
---------------------------------------------------------------------------------
Start Loading Part and Timing Information
---------------------------------------------------------------------------------
Loading part: xc7a100tcsg324-1
---------------------------------------------------------------------------------
Finished Loading Part and Timing Information : Time (s): cpu = 00:00:13 ; elapsed = 00:00:16 . Memory (MB): peak = 799.453 ; gain = 485.547
---------------------------------------------------------------------------------
---------------------------------------------------------------------------------
Start Applying 'set_property' XDC Constraints
---------------------------------------------------------------------------------
Applied set_property IO_BUFFER_TYPE = NONE for CLK100MHZ. (constraint file  c:/Users/EnglishOnly/Desktop/Vivado/lab9/lab9_2_2/lab9_2_2.srcs/sources_1/ip/clk_wiz_0/clk_wiz_0/clk_wiz_0_in_context.xdc, line 3).
Applied set_property CLOCK_BUFFER_TYPE = NONE for CLK100MHZ. (constraint file  c:/Users/EnglishOnly/Desktop/Vivado/lab9/lab9_2_2/lab9_2_2.srcs/sources_1/ip/clk_wiz_0/clk_wiz_0/clk_wiz_0_in_context.xdc, line 4).
Applied set_property DONT_TOUCH = true for CLOCK5M. (constraint file  auto generated constraint, line ).
---------------------------------------------------------------------------------
Finished applying 'set_property' XDC Constraints : Time (s): cpu = 00:00:13 ; elapsed = 00:00:16 . Memory (MB): peak = 799.453 ; gain = 485.547
---------------------------------------------------------------------------------
INFO: [Synth 8-5546] ROM "pulse" won't be mapped to RAM because it is too sparse
INFO: [Synth 8-5818] HDL ADVISOR - The operator resource <adder> is shared. To prevent sharing consider applying a KEEP on the output of the operator [C:/Users/EnglishOnly/Desktop/Vivado/lab9/lab9_2_2/lab9_2_2.srcs/sources_1/imports/sources_1/new/up_down_Counter.v:36]
---------------------------------------------------------------------------------
Finished RTL Optimization Phase 2 : Time (s): cpu = 00:00:13 ; elapsed = 00:00:16 . Memory (MB): peak = 799.453 ; gain = 485.547
---------------------------------------------------------------------------------

Report RTL Partitions: 
+-+--------------+------------+----------+
| |RTL Partition |Replication |Instances |
+-+--------------+------------+----------+
+-+--------------+------------+----------+
---------------------------------------------------------------------------------
Start RTL Component Statistics 
---------------------------------------------------------------------------------
Detailed RTL Component Info : 
+---Registers : 
	               24 Bit    Registers := 1     
	                8 Bit    Registers := 1     
+---Muxes : 
	   2 Input     24 Bit        Muxes := 1     
	   2 Input      2 Bit        Muxes := 1     
	   2 Input      1 Bit        Muxes := 1     
---------------------------------------------------------------------------------
Finished RTL Component Statistics 
---------------------------------------------------------------------------------
---------------------------------------------------------------------------------
Start RTL Hierarchical Component Statistics 
---------------------------------------------------------------------------------
Hierarchical RTL Component report 
Module up_down_Counter 
Detailed RTL Component Info : 
+---Registers : 
	                8 Bit    Registers := 1     
+---Muxes : 
	   2 Input      2 Bit        Muxes := 1     
Module Counter 
Detailed RTL Component Info : 
+---Registers : 
	               24 Bit    Registers := 1     
+---Muxes : 
	   2 Input     24 Bit        Muxes := 1     
	   2 Input      1 Bit        Muxes := 1     
---------------------------------------------------------------------------------
Finished RTL Hierarchical Component Statistics
---------------------------------------------------------------------------------
---------------------------------------------------------------------------------
Start Part Resource Summary
---------------------------------------------------------------------------------
Part Resources:
DSPs: 240 (col length:80)
BRAMs: 270 (col length: RAMB18 80 RAMB36 40)
---------------------------------------------------------------------------------
Finished Part Resource Summary
---------------------------------------------------------------------------------
---------------------------------------------------------------------------------
Start Cross Boundary and Area Optimization
---------------------------------------------------------------------------------
Warning: Parallel synthesis criteria is not met 
INFO: [Synth 8-5546] ROM "pulse" won't be mapped to RAM because it is too sparse
DSP Report: Generating DSP cnt0, operation Mode is: C+1.
DSP Report: operator cnt0 is absorbed into DSP cnt0.
DSP Report: Generating DSP C0, operation Mode is: C+(A:0x0):B.
DSP Report: operator C0 is absorbed into DSP C0.
---------------------------------------------------------------------------------
Finished Cross Boundary and Area Optimization : Time (s): cpu = 00:00:14 ; elapsed = 00:00:18 . Memory (MB): peak = 799.453 ; gain = 485.547
---------------------------------------------------------------------------------
---------------------------------------------------------------------------------
Start ROM, RAM, DSP and Shift Register Reporting
---------------------------------------------------------------------------------

DSP: Preliminary Mapping  Report (see note below)
+----------------+-------------+--------+--------+--------+--------+--------+------+------+------+------+-------+------+------+
|Module Name     | DSP Mapping | A Size | B Size | C Size | D Size | P Size | AREG | BREG | CREG | DREG | ADREG | MREG | PREG | 
+----------------+-------------+--------+--------+--------+--------+--------+------+------+------+------+-------+------+------+
|Counter         | C+1         | -      | -      | 24     | -      | 24     | -    | -    | 0    | -    | -     | 0    | 0    | 
|up_down_Counter | C+(A:0x0):B | 30     | 8      | 48     | -      | 8      | 0    | 0    | 0    | -    | -     | 0    | 0    | 
+----------------+-------------+--------+--------+--------+--------+--------+------+------+------+------+-------+------+------+

Note: The table above is a preliminary report that shows the DSPs inferred at the current stage of the synthesis flow. Some DSP may be reimplemented as non DSP primitives later in the synthesis flow. Multiple instantiated DSPs are reported only once.
---------------------------------------------------------------------------------
Finished ROM, RAM, DSP and Shift Register Reporting
---------------------------------------------------------------------------------
INFO: [Synth 8-5844] Detected registers with asynchronous reset at DSP/BRAM block boundary. Consider using synchronous reset for optimal packing [C:/Users/EnglishOnly/Desktop/Vivado/lab9/lab9_2_2/lab9_2_2.srcs/sources_1/imports/sources_1/imports/new/Counter.v:28]

Report RTL Partitions: 
+-+--------------+------------+----------+
| |RTL Partition |Replication |Instances |
+-+--------------+------------+----------+
+-+--------------+------------+----------+
---------------------------------------------------------------------------------
Start Applying XDC Timing Constraints
---------------------------------------------------------------------------------
INFO: [Synth 8-5578] Moved timing constraint from pin 'CLOCK5M/clk_out1' to pin 'CLOCK5M/bbstub_clk_out1/O'
INFO: [Synth 8-5819] Moved 1 constraints on hierarchical pins to their respective driving/loading pins
---------------------------------------------------------------------------------
Finished Applying XDC Timing Constraints : Time (s): cpu = 00:00:28 ; elapsed = 00:00:33 . Memory (MB): peak = 844.805 ; gain = 530.898
---------------------------------------------------------------------------------
---------------------------------------------------------------------------------
Start Timing Optimization
---------------------------------------------------------------------------------
---------------------------------------------------------------------------------
Finished Timing Optimization : Time (s): cpu = 00:00:28 ; elapsed = 00:00:33 . Memory (MB): peak = 865.012 ; gain = 551.105
---------------------------------------------------------------------------------

Report RTL Partitions: 
+-+--------------+------------+----------+
| |RTL Partition |Replication |Instances |
+-+--------------+------------+----------+
+-+--------------+------------+----------+
---------------------------------------------------------------------------------
Start Technology Mapping
---------------------------------------------------------------------------------
INFO: [Synth 8-5844] Detected registers with asynchronous reset at DSP/BRAM block boundary. Consider using synchronous reset for optimal packing [C:/Users/EnglishOnly/Desktop/Vivado/lab9/lab9_2_2/lab9_2_2.srcs/sources_1/imports/sources_1/imports/new/Counter.v:28]
---------------------------------------------------------------------------------
Finished Technology Mapping : Time (s): cpu = 00:00:28 ; elapsed = 00:00:33 . Memory (MB): peak = 865.012 ; gain = 551.105
---------------------------------------------------------------------------------

Report RTL Partitions: 
+-+--------------+------------+----------+
| |RTL Partition |Replication |Instances |
+-+--------------+------------+----------+
+-+--------------+------------+----------+
---------------------------------------------------------------------------------
Start IO Insertion
---------------------------------------------------------------------------------
---------------------------------------------------------------------------------
Start Flattening Before IO Insertion
---------------------------------------------------------------------------------
---------------------------------------------------------------------------------
Finished Flattening Before IO Insertion
---------------------------------------------------------------------------------
---------------------------------------------------------------------------------
Start Final Netlist Cleanup
---------------------------------------------------------------------------------
---------------------------------------------------------------------------------
Finished Final Netlist Cleanup
---------------------------------------------------------------------------------
---------------------------------------------------------------------------------
Finished IO Insertion : Time (s): cpu = 00:00:29 ; elapsed = 00:00:34 . Memory (MB): peak = 865.012 ; gain = 551.105
---------------------------------------------------------------------------------

Report Check Netlist: 
+------+------------------+-------+---------+-------+------------------+
|      |Item              |Errors |Warnings |Status |Description       |
+------+------------------+-------+---------+-------+------------------+
|1     |multi_driven_nets |      0|        0|Passed |Multi driven nets |
+------+------------------+-------+---------+-------+------------------+
---------------------------------------------------------------------------------
Start Renaming Generated Instances
---------------------------------------------------------------------------------
---------------------------------------------------------------------------------
Finished Renaming Generated Instances : Time (s): cpu = 00:00:29 ; elapsed = 00:00:34 . Memory (MB): peak = 865.012 ; gain = 551.105
---------------------------------------------------------------------------------

Report RTL Partitions: 
+-+--------------+------------+----------+
| |RTL Partition |Replication |Instances |
+-+--------------+------------+----------+
+-+--------------+------------+----------+
---------------------------------------------------------------------------------
Start Rebuilding User Hierarchy
---------------------------------------------------------------------------------
---------------------------------------------------------------------------------
Finished Rebuilding User Hierarchy : Time (s): cpu = 00:00:29 ; elapsed = 00:00:34 . Memory (MB): peak = 865.012 ; gain = 551.105
---------------------------------------------------------------------------------
---------------------------------------------------------------------------------
Start Renaming Generated Ports
---------------------------------------------------------------------------------
---------------------------------------------------------------------------------
Finished Renaming Generated Ports : Time (s): cpu = 00:00:29 ; elapsed = 00:00:34 . Memory (MB): peak = 865.012 ; gain = 551.105
---------------------------------------------------------------------------------
---------------------------------------------------------------------------------
Start Handling Custom Attributes
---------------------------------------------------------------------------------
---------------------------------------------------------------------------------
Finished Handling Custom Attributes : Time (s): cpu = 00:00:29 ; elapsed = 00:00:34 . Memory (MB): peak = 865.012 ; gain = 551.105
---------------------------------------------------------------------------------
---------------------------------------------------------------------------------
Start Renaming Generated Nets
---------------------------------------------------------------------------------
---------------------------------------------------------------------------------
Finished Renaming Generated Nets : Time (s): cpu = 00:00:29 ; elapsed = 00:00:34 . Memory (MB): peak = 865.012 ; gain = 551.105
---------------------------------------------------------------------------------
---------------------------------------------------------------------------------
Start Writing Synthesis Report
---------------------------------------------------------------------------------

Report BlackBoxes: 
+------+--------------+----------+
|      |BlackBox name |Instances |
+------+--------------+----------+
|1     |clk_wiz_0     |         1|
+------+--------------+----------+

Report Cell Usage: 
+------+----------+------+
|      |Cell      |Count |
+------+----------+------+
|1     |clk_wiz_0 |     1|
|2     |DSP48E1   |     2|
|3     |LUT1      |     2|
|4     |LUT4      |     3|
|5     |LUT5      |     4|
|6     |LUT6      |    36|
|7     |FDCE      |    24|
|8     |FDRE      |     8|
|9     |IBUF      |     3|
|10    |OBUF      |     8|
+------+----------+------+

Report Instance Areas: 
+------+---------+--------+------+
|      |Instance |Module  |Cells |
+------+---------+--------+------+
|1     |top      |        |    91|
|2     |  CLOCK  |Counter |    58|
+------+---------+--------+------+
---------------------------------------------------------------------------------
Finished Writing Synthesis Report : Time (s): cpu = 00:00:29 ; elapsed = 00:00:34 . Memory (MB): peak = 865.012 ; gain = 551.105
---------------------------------------------------------------------------------
Synthesis finished with 0 errors, 0 critical warnings and 0 warnings.
Synthesis Optimization Runtime : Time (s): cpu = 00:00:20 ; elapsed = 00:00:26 . Memory (MB): peak = 865.012 ; gain = 218.086
Synthesis Optimization Complete : Time (s): cpu = 00:00:30 ; elapsed = 00:00:35 . Memory (MB): peak = 865.012 ; gain = 551.105
INFO: [Project 1-571] Translating synthesized netlist
INFO: [Netlist 29-17] Analyzing 5 Unisim elements for replacement
INFO: [Netlist 29-28] Unisim Transformation completed in 0 CPU seconds
INFO: [Project 1-570] Preparing netlist for logic optimization
INFO: [Opt 31-138] Pushed 0 inverter(s) to 0 load pin(s).
INFO: [Project 1-111] Unisim Transformation Summary:
No Unisim elements were transformed.

INFO: [Common 17-83] Releasing license: Synthesis
25 Infos, 2 Warnings, 0 Critical Warnings and 0 Errors encountered.
synth_design completed successfully
synth_design: Time (s): cpu = 00:00:32 ; elapsed = 00:00:37 . Memory (MB): peak = 865.012 ; gain = 562.574
WARNING: [Constraints 18-5210] No constraint will be written out.
INFO: [Common 17-1381] The checkpoint 'C:/Users/EnglishOnly/Desktop/Vivado/lab9/lab9_2_2/lab9_2_2.runs/synth_1/up_down_Counter.dcp' has been generated.
INFO: [runtcl-4] Executing : report_utilization -file up_down_Counter_utilization_synth.rpt -pb up_down_Counter_utilization_synth.pb
report_utilization: Time (s): cpu = 00:00:00 ; elapsed = 00:00:00.046 . Memory (MB): peak = 865.012 ; gain = 0.000
INFO: [Common 17-206] Exiting Vivado at Thu Nov 29 20:59:24 2018...
