#-----------------------------------------------------------
# Vivado v2018.2 (64-bit)
# SW Build 2258646 on Thu Jun 14 20:03:12 MDT 2018
# IP Build 2256618 on Thu Jun 14 22:10:49 MDT 2018
# Start of session at: Thu Dec 20 19:19:38 2018
# Process ID: 1128
# Current directory: C:/Users/EnglishOnly/Desktop/Vivado/lab11/FinalWork
# Command line: vivado.exe -gui_launcher_event rodinguilauncherevent13684 C:\Users\EnglishOnly\Desktop\Vivado\lab11\FinalWork\FinalWork.xpr
# Log file: C:/Users/EnglishOnly/Desktop/Vivado/lab11/FinalWork/vivado.log
# Journal file: C:/Users/EnglishOnly/Desktop/Vivado/lab11/FinalWork\vivado.jou
#-----------------------------------------------------------
start_gui
open_project C:/Users/EnglishOnly/Desktop/Vivado/lab11/FinalWork/FinalWork.xpr
Scanning sources...
Finished scanning sources
INFO: [IP_Flow 19-234] Refreshing IP repositories
INFO: [IP_Flow 19-1704] No user IP repositories specified
INFO: [IP_Flow 19-2313] Loaded Vivado IP repository 'D:/Applications/Xilinx/Vivado/2018.2/data/ip'.
open_project: Time (s): cpu = 00:00:18 ; elapsed = 00:00:08 . Memory (MB): peak = 913.707 ; gain = 199.652
update_compile_order -fileset sources_1
exit
INFO: [Common 17-206] Exiting Vivado at Thu Dec 20 20:01:44 2018...
