Copyright 1986-2018 Xilinx, Inc. All Rights Reserved.
-------------------------------------------------------------------------------------
| Tool Version : Vivado v.2018.2 (win64) Build 2258646 Thu Jun 14 20:03:12 MDT 2018
| Date         : Fri Dec 14 17:16:43 2018
| Host         : YC running 64-bit major release  (build 9200)
| Command      : report_control_sets -verbose -file PCB16_16_control_sets_placed.rpt
| Design       : PCB16_16
| Device       : xc7a100t
-------------------------------------------------------------------------------------

Control Set Information

Table of Contents
-----------------
1. Summary
2. Histogram
3. Flip-Flop Distribution
4. Detailed Control Set Information

1. Summary
----------

+----------------------------------------------------------+-------+
|                          Status                          | Count |
+----------------------------------------------------------+-------+
| Number of unique control sets                            |     4 |
| Unused register locations in slices containing registers |     8 |
+----------------------------------------------------------+-------+


2. Histogram
------------

+--------+--------------+
| Fanout | Control Sets |
+--------+--------------+
|    16+ |            4 |
+--------+--------------+


3. Flip-Flop Distribution
-------------------------

+--------------+-----------------------+------------------------+-----------------+--------------+
| Clock Enable | Synchronous Set/Reset | Asynchronous Set/Reset | Total Registers | Total Slices |
+--------------+-----------------------+------------------------+-----------------+--------------+
| No           | No                    | No                     |              66 |           10 |
| No           | No                    | Yes                    |               0 |            0 |
| No           | Yes                   | No                     |               0 |            0 |
| Yes          | No                    | No                     |              22 |            5 |
| Yes          | No                    | Yes                    |               0 |            0 |
| Yes          | Yes                   | No                     |               0 |            0 |
+--------------+-----------------------+------------------------+-----------------+--------------+


4. Detailed Control Set Information
-----------------------------------

+-----------------------+---------------+------------------+------------------+----------------+
|      Clock Signal     | Enable Signal | Set/Reset Signal | Slice Load Count | Bel Load Count |
+-----------------------+---------------+------------------+------------------+----------------+
|  Clock1/inst/clk_out1 |               |                  |                4 |             22 |
|  Clock1/inst/clk_out1 | y_counter     |                  |                5 |             22 |
|  BTNLR_Signal         |               |                  |                3 |             22 |
|  BTNUD_Signal         |               |                  |                3 |             22 |
+-----------------------+---------------+------------------+------------------+----------------+


