#-----------------------------------------------------------
# Vivado v2018.2 (64-bit)
# SW Build 2258646 on Thu Jun 14 20:03:12 MDT 2018
# IP Build 2256618 on Thu Jun 14 22:10:49 MDT 2018
# Start of session at: Thu Oct 18 21:54:22 2018
# Process ID: 28932
# Current directory: C:/Users/EnglishOnly/Desktop/Vivado/lab2/lab2_2_1
# Command line: vivado.exe -gui_launcher_event rodinguilauncherevent37484 C:\Users\EnglishOnly\Desktop\Vivado\lab2\lab2_2_1\lab2_2_1.xpr
# Log file: C:/Users/EnglishOnly/Desktop/Vivado/lab2/lab2_2_1/vivado.log
# Journal file: C:/Users/EnglishOnly/Desktop/Vivado/lab2/lab2_2_1\vivado.jou
#-----------------------------------------------------------
start_gui
open_project C:/Users/EnglishOnly/Desktop/Vivado/lab2/lab2_2_1/lab2_2_1.xpr
Scanning sources...
Finished scanning sources
INFO: [IP_Flow 19-234] Refreshing IP repositories
INFO: [IP_Flow 19-1704] No user IP repositories specified
INFO: [IP_Flow 19-2313] Loaded Vivado IP repository 'D:/Applications/Xilinx/Vivado/2018.2/data/ip'.
open_project: Time (s): cpu = 00:00:15 ; elapsed = 00:00:08 . Memory (MB): peak = 772.902 ; gain = 97.641
update_compile_order -fileset sources_1
exit
INFO: [Common 17-206] Exiting Vivado at Thu Oct 18 21:55:48 2018...
