Vivado Simulator 2018.2
Time resolution is 1 ps
Summary matched at                   4
Summary matched at                   6
Summary matched at                   9
Summary matched at                  11
Summary matched at                  14
Summary matched at                  16
Summary matched at                  19
Summary matched at                  21
Summary matched at                  24
Summary matched at                  26
Summary matched at                  29
Summary matched at                  31
Summary matched at                  34
Summary matched at                  36
Summary matched at                  39
Summary matched at                  41
Summary matched at                  44
Summary matched at                  46
Summary matched at                  49
Summary matched at                  51
Summary matched at                  54
Summary matched at                  56
Summary matched at                  59
Summary matched at                  61
Summary matched at                  64
Summary matched at                  66
Summary matched at                  69
Summary matched at                  71
Summary matched at                  74
Summary matched at                  76
Summary matched at                  79
Summary matched at                  81
Summary matched at                  85
Summary matched at                  87
Summary matched at                  90
Summary matched at                  92
Summary matched at                  95
Summary matched at                  97
Summary matched at                 100
Summary matched at                 102
Summary matched at                 105
Summary matched at                 107
Summary matched at                 110
Summary matched at                 112
Summary matched at                 115
Summary matched at                 117
Summary matched at                 120
Summary matched at                 122
Summary matched at                 125
Summary matched at                 127
Summary matched at                 130
Summary matched at                 132
Summary matched at                 135
Summary matched at                 137
Summary matched at                 140
Summary matched at                 142
Summary matched at                 145
Summary matched at                 147
Summary matched at                 150
Summary matched at                 152
Summary matched at                 155
Summary matched at                 157
Summary matched at                 160
Summary matched at                 162
Summary matched at                 166
Summary matched at                 168
Summary matched at                 171
Summary matched at                 173
Summary matched at                 176
Summary matched at                 178
Summary matched at                 181
Summary matched at                 183
Summary matched at                 186
Summary matched at                 188
Summary matched at                 191
Summary matched at                 193
Summary matched at                 196
Summary matched at                 198
Summary matched at                 201
Summary matched at                 203
Summary matched at                 206
Summary matched at                 208
Summary matched at                 211
Summary matched at                 213
Summary matched at                 216
Summary matched at                 218
Summary matched at                 221
Summary matched at                 223
Summary matched at                 226
Summary matched at                 228
Summary matched at                 231
Summary matched at                 233
Summary matched at                 236
Summary matched at                 238
Summary matched at                 241
Summary matched at                 243
Summary matched at                 247
Summary matched at                 249
Summary matched at                 252
Summary matched at                 254
Summary matched at                 257
Summary matched at                 259
Summary matched at                 262
Summary matched at                 264
Summary matched at                 267
Summary matched at                 269
Summary matched at                 272
Summary matched at                 274
Summary matched at                 277
Summary matched at                 279
Summary matched at                 282
Summary matched at                 284
Summary matched at                 287
Summary matched at                 289
Summary matched at                 292
Summary matched at                 294
Summary matched at                 297
Summary matched at                 299
Summary matched at                 302
Summary matched at                 304
Summary matched at                 307
Summary matched at                 309
Summary matched at                 312
Summary matched at                 314
Summary matched at                 317
Summary matched at                 319
Summary matched at                 322
Summary matched at                 324
Summary matched at                 328
Summary matched at                 330
Summary matched at                 333
Summary matched at                 335
Summary matched at                 338
Summary matched at                 340
Summary matched at                 343
Summary matched at                 345
Summary matched at                 348
Summary matched at                 350
Summary matched at                 353
Summary matched at                 355
Summary matched at                 358
Summary matched at                 360
Summary matched at                 363
Summary matched at                 365
Summary matched at                 368
Summary matched at                 370
Summary matched at                 373
Summary matched at                 375
Summary matched at                 378
Summary matched at                 380
Summary matched at                 383
Summary matched at                 385
Summary matched at                 388
Summary matched at                 390
Summary matched at                 393
Summary matched at                 395
Summary matched at                 398
Summary matched at                 400
Summary matched at                 403
Summary matched at                 405
Summary matched at                 409
Summary matched at                 411
Summary matched at                 414
Summary matched at                 416
Summary matched at                 419
Summary matched at                 421
Summary matched at                 424
Summary matched at                 426
Summary matched at                 429
Summary matched at                 431
Summary matched at                 434
Summary matched at                 436
Summary matched at                 439
Summary matched at                 441
Summary matched at                 444
Summary matched at                 446
Summary matched at                 449
Summary matched at                 451
Summary matched at                 454
Summary matched at                 456
Summary matched at                 459
Summary matched at                 461
Summary matched at                 464
Summary matched at                 466
Summary matched at                 469
Summary matched at                 471
Summary matched at                 474
Summary matched at                 476
Summary matched at                 479
Summary matched at                 481
Summary matched at                 484
Summary matched at                 486
Summary matched at                 490
Summary matched at                 492
Summary matched at                 495
Summary matched at                 497
Summary matched at                 500
Summary matched at                 502
Summary matched at                 505
Summary matched at                 507
Summary matched at                 510
Summary matched at                 512
Summary matched at                 515
Summary matched at                 517
Summary matched at                 520
Summary matched at                 522
Summary matched at                 525
Summary matched at                 527
Summary matched at                 530
Summary matched at                 532
Summary matched at                 535
Summary matched at                 537
Summary matched at                 540
Summary matched at                 542
Summary matched at                 545
Summary matched at                 547
Summary matched at                 550
