Vivado Simulator 2018.2
Copyright 1986-1999, 2001-2018 Xilinx, Inc. All Rights Reserved.
Running: D:/Applications/Xilinx/Vivado/2018.2/bin/unwrapped/win64.o/xelab.exe -wto bc512cd58b8b4feea12a9a44b3abcfb2 --incr --debug typical --relax --mt 2 -L xil_defaultlib -L unisims_ver -L unimacro_ver -L secureip -L xpm --snapshot FinalWork_tb_behav xil_defaultlib.FinalWork_tb xil_defaultlib.glbl -log elaborate.log 
Using 2 slave threads.
Starting static elaboration
Completed static elaboration
Starting simulation data flow analysis
Completed simulation data flow analysis
Time Resolution for simulation is 1ps
Compiling module xil_defaultlib.GenerateClock
Compiling module unisims_ver.BUFG
Compiling module unisims_ver.IBUF
Compiling module unisims_ver.MMCME2_ADV(CLKFBOUT_MULT_F=10.0,...
Compiling module xil_defaultlib.clk_wiz_0_clk_wiz_0_clk_wiz
Compiling module xil_defaultlib.clk_wiz_0
Compiling module xil_defaultlib.Clock
Compiling module xil_defaultlib.Load_ROM
Compiling module xil_defaultlib.GenerateBlock
Compiling module xil_defaultlib.Counter
Compiling module xil_defaultlib.bcdto7segment_dataflow
Compiling module xil_defaultlib.VGA_Output
Compiling module xil_defaultlib.FinalWork_tb
Compiling module xil_defaultlib.glbl
Built simulation snapshot FinalWork_tb_behav
